TN:
SF:server/config.ts
FNF:0
FNH:0
DA:4,4
DA:5,4
DA:7,4
DA:9,4
DA:86,4
LF:5
LH:5
BRDA:7,0,0,4
BRDA:7,0,1,4
BRDA:10,1,0,4
BRDA:10,1,1,4
BRDA:12,2,0,4
BRDA:12,2,1,4
BRDA:13,3,0,4
BRDA:13,3,1,4
BRDA:16,4,0,4
BRDA:16,4,1,4
BRDA:19,5,0,4
BRDA:19,5,1,4
BRDA:19,5,2,4
BRDA:20,6,0,4
BRDA:20,6,1,4
BRDA:20,6,2,4
BRDA:20,6,3,4
BRDA:20,6,4,4
BRDA:21,7,0,4
BRDA:21,7,1,4
BRDA:24,8,0,4
BRDA:24,8,1,4
BRDA:27,9,0,4
BRDA:27,9,1,4
BRDA:28,10,0,4
BRDA:28,10,1,4
BRDA:34,11,0,4
BRDA:34,11,1,4
BRDA:37,12,0,4
BRDA:37,12,1,4
BRDA:41,13,0,4
BRDA:41,13,1,4
BRDA:42,14,0,4
BRDA:42,14,1,4
BRDA:43,15,0,4
BRDA:43,15,1,4
BRDA:48,16,0,4
BRDA:48,16,1,4
BRDA:49,17,0,4
BRDA:49,17,1,4
BRDA:54,18,0,4
BRDA:54,18,1,4
BRDA:59,19,0,4
BRDA:59,19,1,4
BRDA:60,20,0,4
BRDA:60,20,1,4
BRDA:65,21,0,4
BRDA:65,21,1,4
BRDA:66,22,0,4
BRDA:66,22,1,4
BRDA:67,23,0,4
BRDA:67,23,1,4
BRDA:68,24,0,4
BRDA:68,24,1,4
BRDA:69,25,0,4
BRDA:69,25,1,4
BRDA:73,26,0,4
BRDA:73,26,1,4
BRDA:74,27,0,4
BRDA:74,27,1,4
BRDA:75,28,0,4
BRDA:75,28,1,4
BRDA:76,29,0,4
BRDA:76,29,1,4
BRDA:82,30,0,4
BRDA:82,30,1,4
BRDA:83,31,0,4
BRDA:83,31,1,4
BRF:68
BRH:68
end_of_record
TN:
SF:server/tools/bridgeWorkspace.ts
FN:47,(anonymous_1)
FN:66,(anonymous_2)
FN:73,(anonymous_3)
FN:102,(anonymous_4)
FN:203,(anonymous_5)
FN:259,(anonymous_6)
FNF:6
FNH:1
FNDA:1,(anonymous_1)
FNDA:0,(anonymous_2)
FNDA:0,(anonymous_3)
FNDA:0,(anonymous_4)
FNDA:0,(anonymous_5)
FNDA:0,(anonymous_6)
DA:10,2
DA:11,2
DA:12,2
DA:18,2
DA:48,1
DA:50,1
DA:51,1
DA:55,0
DA:56,0
DA:58,0
DA:59,0
DA:65,0
DA:67,0
DA:72,0
DA:73,0
DA:74,0
DA:80,0
DA:81,0
DA:87,0
DA:88,0
DA:90,0
DA:96,0
DA:97,0
DA:98,0
DA:99,0
DA:101,0
DA:103,0
DA:113,0
DA:114,0
DA:116,0
DA:117,0
DA:118,0
DA:120,0
DA:122,0
DA:123,0
DA:124,0
DA:129,0
DA:131,0
DA:132,0
DA:133,0
DA:136,0
DA:137,0
DA:139,0
DA:164,0
DA:167,0
DA:169,0
DA:172,0
DA:189,0
DA:192,0
DA:193,0
DA:195,0
DA:196,0
DA:204,0
DA:205,0
DA:206,0
DA:207,0
DA:208,0
DA:210,0
DA:213,0
DA:216,0
DA:217,0
DA:218,0
DA:219,0
DA:220,0
DA:221,0
DA:222,0
DA:226,0
DA:227,0
DA:228,0
DA:233,0
DA:234,0
DA:242,0
DA:243,0
DA:252,0
DA:260,0
DA:261,0
DA:262,0
DA:264,0
DA:265,0
DA:267,0
DA:268,0
DA:286,0
DA:287,0
DA:288,0
DA:291,0
DA:293,0
DA:294,0
DA:302,0
DA:303,0
DA:312,0
DA:314,0
DA:319,2
LF:92
LH:8
BRDA:47,0,0,1
BRDA:50,1,0,1
BRDA:50,2,0,1
BRDA:50,2,1,0
BRDA:50,2,2,0
BRDA:58,3,0,0
BRDA:58,4,0,0
BRDA:58,4,1,0
BRDA:67,5,0,0
BRDA:67,5,1,0
BRDA:67,5,2,0
BRDA:72,6,0,0
BRDA:75,7,0,0
BRDA:75,7,1,0
BRDA:80,8,0,0
BRDA:88,9,0,0
BRDA:98,10,0,0
BRDA:98,11,0,0
BRDA:98,11,1,0
BRDA:103,12,0,0
BRDA:103,12,1,0
BRDA:103,12,2,0
BRDA:114,13,0,0
BRDA:114,13,1,0
BRDA:120,14,0,0
BRDA:120,15,0,0
BRDA:120,15,1,0
BRDA:127,16,0,0
BRDA:127,16,1,0
BRDA:161,17,0,0
BRDA:161,17,1,0
BRDA:167,18,0,0
BRDA:186,19,0,0
BRDA:186,19,1,0
BRDA:192,20,0,0
BRDA:193,21,0,0
BRDA:193,21,1,0
BRDA:204,22,0,0
BRDA:206,23,0,0
BRDA:206,24,0,0
BRDA:206,24,1,0
BRDA:206,24,2,0
BRDA:217,25,0,0
BRDA:219,26,0,0
BRDA:219,27,0,0
BRDA:219,27,1,0
BRDA:221,28,0,0
BRDA:221,28,1,0
BRDA:222,29,0,0
BRDA:226,30,0,0
BRDA:226,31,0,0
BRDA:226,31,1,0
BRDA:228,32,0,0
BRDA:233,33,0,0
BRDA:242,34,0,0
BRDA:247,35,0,0
BRDA:247,35,1,0
BRDA:260,36,0,0
BRDA:260,36,1,0
BRDA:262,37,0,0
BRDA:262,37,1,0
BRDA:281,38,0,0
BRDA:281,38,1,0
BRDA:286,39,0,0
BRDA:293,40,0,0
BRDA:302,41,0,0
BRF:66
BRH:3
end_of_record
TN:
SF:server/tools/calculator.ts
FN:12,(anonymous_0)
FN:13,(anonymous_1)
FN:33,(anonymous_2)
FNF:3
FNH:1
FNDA:0,(anonymous_0)
FNDA:0,(anonymous_1)
FNDA:10,(anonymous_2)
DA:4,3
DA:7,3
DA:11,3
DA:12,0
DA:13,0
DA:20,3
DA:34,10
DA:35,10
DA:36,10
DA:37,9
DA:42,1
DA:47,3
LF:12
LH:10
BRDA:33,0,0,9
BRDA:39,1,0,1
BRDA:39,1,1,8
BRF:3
BRH:3
end_of_record
TN:
SF:server/tools/callAgent.ts
FN:42,(anonymous_0)
FN:107,(anonymous_1)
FNF:2
FNH:0
FNDA:0,(anonymous_0)
FNDA:0,(anonymous_1)
DA:7,2
DA:9,2
DA:15,2
DA:43,0
DA:45,0
DA:46,0
DA:49,0
DA:53,0
DA:54,0
DA:60,0
DA:61,0
DA:66,0
DA:68,0
DA:69,0
DA:71,0
DA:75,0
DA:76,0
DA:78,0
DA:81,0
DA:82,0
DA:85,0
DA:98,0
DA:99,0
DA:106,0
DA:107,0
DA:108,0
DA:109,0
DA:113,0
DA:118,0
DA:120,0
DA:121,0
DA:123,0
DA:127,0
DA:128,0
DA:133,0
DA:134,0
DA:135,0
DA:139,0
DA:142,0
DA:143,0
DA:144,0
DA:145,0
DA:146,0
DA:147,0
DA:155,0
DA:156,0
DA:157,0
DA:158,0
DA:163,0
DA:164,0
DA:167,0
DA:177,2
LF:52
LH:4
BRDA:42,0,0,0
BRDA:45,1,0,0
BRDA:45,2,0,0
BRDA:45,2,1,0
BRDA:60,3,0,0
BRDA:68,4,0,0
BRDA:68,5,0,0
BRDA:68,5,1,0
BRDA:76,6,0,0
BRDA:76,6,1,0
BRDA:81,7,0,0
BRDA:106,8,0,0
BRDA:108,9,0,0
BRDA:108,10,0,0
BRDA:108,10,1,0
BRDA:110,11,0,0
BRDA:110,11,1,0
BRDA:114,12,0,0
BRDA:114,12,1,0
BRDA:120,13,0,0
BRDA:120,14,0,0
BRDA:120,14,1,0
BRDA:121,15,0,0
BRDA:121,15,1,0
BRDA:123,16,0,0
BRDA:123,16,1,0
BRDA:127,17,0,0
BRDA:129,18,0,0
BRDA:129,18,1,0
BRDA:129,19,0,0
BRDA:129,19,1,0
BRDA:134,20,0,0
BRDA:142,21,0,0
BRDA:142,22,0,0
BRDA:142,22,1,0
BRDA:144,23,0,0
BRDA:144,24,0,0
BRDA:144,24,1,0
BRDA:146,25,0,0
BRDA:146,26,0,0
BRDA:146,26,1,0
BRDA:147,27,0,0
BRDA:147,27,1,0
BRDA:155,28,0,0
BRDA:155,29,0,0
BRDA:155,29,1,0
BRDA:157,30,0,0
BRDA:157,31,0,0
BRDA:157,31,1,0
BRDA:158,32,0,0
BRDA:158,32,1,0
BRDA:163,33,0,0
BRDA:169,34,0,0
BRDA:169,34,1,0
BRDA:171,35,0,0
BRDA:171,35,1,0
BRDA:172,36,0,0
BRDA:172,36,1,0
BRF:58
BRH:0
end_of_record
TN:
SF:server/tools/codeRunner.ts
FN:22,(anonymous_1)
FN:28,(anonymous_2)
FN:29,(anonymous_3)
FN:30,(anonymous_4)
FNF:4
FNH:2
FNDA:3,(anonymous_1)
FNDA:1,(anonymous_2)
FNDA:0,(anonymous_3)
FNDA:0,(anonymous_4)
DA:3,3
DA:9,3
DA:23,3
DA:24,3
DA:25,3
DA:26,3
DA:28,1
DA:29,0
DA:30,0
DA:49,3
DA:50,3
DA:51,3
DA:53,2
DA:58,1
DA:63,3
LF:15
LH:13
BRDA:22,0,0,3
BRDA:54,1,0,1
BRDA:54,1,1,1
BRDA:55,2,0,1
BRDA:55,2,1,1
BRF:5
BRH:5
end_of_record
TN:
SF:server/tools/describeWorkspace.ts
FN:30,(anonymous_1)
FN:57,(anonymous_2)
FN:58,(anonymous_3)
FN:108,(anonymous_4)
FN:209,(anonymous_5)
FN:210,(anonymous_6)
FN:211,(anonymous_7)
FN:213,(anonymous_8)
FN:214,(anonymous_9)
FNF:9
FNH:8
FNDA:1,(anonymous_1)
FNDA:22,(anonymous_2)
FNDA:21,(anonymous_3)
FNDA:0,(anonymous_4)
FNDA:10,(anonymous_5)
FNDA:13,(anonymous_6)
FNDA:6,(anonymous_7)
FNDA:2,(anonymous_8)
FNDA:5,(anonymous_9)
DA:11,2
DA:12,2
DA:13,2
DA:19,2
DA:31,1
DA:32,1
DA:35,1
DA:38,1
DA:39,1
DA:40,1
DA:41,1
DA:42,1
DA:43,1
DA:44,1
DA:47,1
DA:48,1
DA:49,0
DA:50,0
DA:51,0
DA:55,1
DA:56,1
DA:57,22
DA:58,21
DA:64,1
DA:66,1
DA:67,1
DA:68,0
DA:70,0
DA:71,0
DA:72,0
DA:73,0
DA:75,0
DA:78,1
DA:79,0
DA:87,1
DA:88,0
DA:96,1
DA:102,1
DA:103,1
DA:104,1
DA:105,1
DA:106,1
DA:107,0
DA:108,0
DA:109,0
DA:114,1
DA:115,1
DA:116,0
DA:117,0
DA:122,1
DA:123,1
DA:124,0
DA:125,0
DA:130,1
DA:133,1
DA:134,1
DA:135,1
DA:136,1
DA:137,0
DA:143,1
DA:144,1
DA:145,1
DA:146,1
DA:147,0
DA:161,1
DA:162,1
DA:163,1
DA:164,1
DA:167,1
DA:209,10
DA:210,13
DA:211,6
DA:213,2
DA:214,5
DA:221,2
LF:75
LH:55
BRDA:30,0,0,0
BRDA:40,1,0,1
BRDA:40,1,1,1
BRDA:42,2,0,0
BRDA:42,2,1,1
BRDA:43,3,0,0
BRDA:43,3,1,1
BRDA:44,4,0,0
BRDA:48,5,0,0
BRDA:51,6,0,0
BRDA:51,7,0,0
BRDA:51,7,1,0
BRDA:66,8,0,1
BRDA:66,8,1,1
BRDA:66,8,2,1
BRDA:67,9,0,0
BRDA:70,10,0,0
BRDA:70,10,1,0
BRDA:71,11,0,0
BRDA:73,12,0,0
BRDA:73,12,1,0
BRDA:78,13,0,0
BRDA:82,14,0,0
BRDA:82,14,1,0
BRDA:83,15,0,0
BRDA:83,15,1,0
BRDA:87,16,0,0
BRDA:91,17,0,0
BRDA:91,17,1,0
BRDA:97,18,0,1
BRDA:97,18,1,1
BRDA:98,19,0,1
BRDA:98,19,1,1
BRDA:106,20,0,0
BRDA:108,21,0,0
BRDA:108,21,1,0
BRDA:115,22,0,0
BRDA:115,23,0,1
BRDA:115,23,1,0
BRDA:123,24,0,0
BRDA:123,25,0,1
BRDA:123,25,1,0
BRDA:135,26,0,1
BRDA:135,27,0,1
BRDA:135,27,1,1
BRDA:145,28,0,1
BRDA:145,29,0,1
BRDA:145,29,1,1
BRDA:151,30,0,0
BRDA:151,30,1,0
BRDA:153,31,0,0
BRDA:153,31,1,0
BRDA:154,32,0,0
BRDA:154,32,1,0
BRDA:170,33,0,1
BRDA:170,33,1,1
BRDA:176,34,0,1
BRDA:176,34,1,0
BRDA:188,35,0,0
BRDA:188,35,1,1
BRDA:190,36,0,0
BRDA:190,36,1,0
BRDA:191,37,0,0
BRDA:191,37,1,0
BRDA:192,38,0,0
BRDA:192,38,1,0
BRDA:193,39,0,0
BRDA:193,39,1,0
BRDA:194,40,0,0
BRDA:194,40,1,0
BRF:70
BRH:23
end_of_record
TN:
SF:server/tools/downloadQueryResults.ts
FN:17,(anonymous_0)
FN:27,rowsToCsv
FN:30,(anonymous_2)
FN:38,(anonymous_3)
FN:38,(anonymous_4)
FN:73,(anonymous_5)
FNF:6
FNH:0
FNDA:0,(anonymous_0)
FNDA:0,rowsToCsv
FNDA:0,(anonymous_2)
FNDA:0,(anonymous_3)
FNDA:0,(anonymous_4)
FNDA:0,(anonymous_5)
DA:10,2
DA:13,2
DA:16,2
DA:17,2
DA:18,0
DA:19,0
DA:20,0
DA:28,0
DA:29,0
DA:30,0
DA:31,0
DA:32,0
DA:33,0
DA:37,0
DA:38,0
DA:39,0
DA:46,2
DA:74,0
DA:75,0
DA:76,0
DA:79,0
DA:80,0
DA:81,0
DA:83,0
DA:90,0
DA:103,2
LF:26
LH:6
BRDA:20,0,0,0
BRDA:28,1,0,0
BRDA:28,2,0,0
BRDA:28,2,1,0
BRDA:29,3,0,0
BRDA:29,3,1,0
BRDA:31,4,0,0
BRDA:33,5,0,0
BRDA:33,5,1,0
BRDA:33,6,0,0
BRDA:33,6,1,0
BRDA:33,6,2,0
BRDA:73,7,0,0
BRDA:75,8,0,0
BRDA:75,9,0,0
BRDA:75,9,1,0
BRDA:80,10,0,0
BRDA:80,10,1,0
BRF:18
BRH:0
end_of_record
TN:
SF:server/tools/findFile.ts
FN:23,(anonymous_1)
FN:38,scan
FNF:2
FNH:2
FNDA:1,(anonymous_1)
FNDA:2,scan
DA:3,3
DA:4,3
DA:6,3
DA:12,3
DA:24,1
DA:25,1
DA:26,1
DA:27,1
DA:28,0
DA:30,1
DA:31,0
DA:34,1
DA:35,1
DA:36,1
DA:39,2
DA:41,2
DA:42,2
DA:43,8
DA:44,8
DA:46,8
DA:47,8
DA:48,1
DA:49,7
DA:50,1
DA:55,1
DA:56,1
DA:58,0
DA:63,3
LF:28
LH:25
BRDA:23,0,0,1
BRDA:24,1,0,0
BRDA:27,2,0,0
BRDA:30,3,0,0
BRDA:38,4,0,1
BRDA:39,5,0,0
BRDA:43,6,0,0
BRDA:44,7,0,0
BRDA:44,8,0,8
BRDA:44,8,1,8
BRDA:44,8,2,8
BRDA:44,8,3,8
BRDA:46,9,0,1
BRDA:46,9,1,7
BRDA:47,10,0,1
BRDA:47,10,1,7
BRDA:49,11,0,1
BRF:17
BRH:11
end_of_record
TN:
SF:server/tools/gitClone.ts
FN:10,isValidGitUrl
FN:21,sanitizeName
FN:40,(anonymous_3)
FNF:3
FNH:3
FNDA:3,isValidGitUrl
FNDA:2,sanitizeName
FNDA:3,(anonymous_3)
DA:3,3
DA:4,3
DA:5,3
DA:7,3
DA:11,3
DA:12,3
DA:13,3
DA:16,0
DA:22,2
DA:29,3
DA:41,3
DA:42,3
DA:43,3
DA:44,1
DA:47,2
DA:48,1
DA:51,2
DA:52,2
DA:53,2
DA:54,0
DA:57,2
DA:60,2
DA:61,0
DA:64,2
DA:66,1
DA:67,1
DA:71,1
DA:76,1
DA:78,0
DA:83,3
LF:30
LH:26
BRDA:40,0,0,3
BRDA:43,1,0,1
BRDA:47,2,0,1
BRDA:51,3,0,2
BRDA:51,3,1,2
BRDA:53,4,0,0
BRDA:60,5,0,0
BRDA:64,6,0,1
BRF:8
BRH:6
end_of_record
TN:
SF:server/tools/gitCommit.ts
FN:49,(anonymous_1)
FNF:1
FNH:1
FNDA:2,(anonymous_1)
DA:3,3
DA:4,3
DA:5,3
DA:7,3
DA:13,3
DA:50,2
DA:51,2
DA:52,2
DA:53,1
DA:54,0
DA:56,1
DA:57,0
DA:60,1
DA:63,1
DA:64,1
DA:65,0
DA:69,1
DA:70,1
DA:71,0
DA:76,0
DA:80,1
DA:81,1
DA:83,1
DA:84,1
DA:86,1
DA:95,1
DA:96,0
DA:97,0
DA:98,0
DA:99,0
DA:101,0
DA:106,1
DA:107,0
DA:108,0
DA:109,0
DA:110,0
DA:115,0
DA:117,0
DA:121,1
DA:123,1
DA:128,3
LF:41
LH:25
BRDA:49,0,0,2
BRDA:53,1,0,0
BRDA:56,2,0,0
BRDA:64,3,0,0
BRDA:70,4,0,0
BRDA:91,5,0,1
BRDA:91,5,1,1
BRDA:95,6,0,0
BRDA:95,7,0,1
BRDA:95,7,1,1
BRDA:97,8,0,0
BRDA:97,8,1,0
BRDA:106,9,0,0
BRDA:106,10,0,1
BRDA:106,10,1,0
BRDA:108,11,0,0
BRDA:108,11,1,0
BRDA:109,12,0,0
BRDA:109,12,1,0
BRF:19
BRH:6
end_of_record
TN:
SF:server/tools/gitPull.ts
FN:10,sanitizeRef
FN:49,(anonymous_2)
FNF:2
FNH:2
FNDA:1,sanitizeRef
FNDA:2,(anonymous_2)
DA:3,3
DA:4,3
DA:5,3
DA:7,3
DA:11,1
DA:12,1
DA:13,0
DA:15,1
DA:22,3
DA:50,2
DA:51,2
DA:52,2
DA:53,1
DA:54,0
DA:56,1
DA:57,0
DA:61,1
DA:62,1
DA:64,1
DA:67,1
DA:68,0
DA:71,0
DA:74,0
DA:75,0
DA:76,0
DA:77,0
DA:80,0
DA:83,0
DA:84,0
DA:87,0
DA:88,0
DA:89,0
DA:90,0
DA:95,0
DA:101,0
DA:113,2
DA:114,2
DA:115,0
DA:120,2
DA:125,3
LF:40
LH:21
BRDA:11,0,0,0
BRDA:12,1,0,0
BRDA:49,2,0,2
BRDA:50,3,0,2
BRDA:50,4,0,2
BRDA:53,5,0,0
BRDA:56,6,0,0
BRDA:62,7,0,0
BRDA:62,7,1,1
BRDA:75,8,0,0
BRDA:76,9,0,0
BRDA:88,10,0,0
BRDA:95,11,0,0
BRDA:95,11,1,0
BRDA:104,12,0,0
BRDA:104,12,1,0
BRDA:113,13,0,2
BRDA:113,13,1,2
BRDA:113,13,2,0
BRDA:114,14,0,0
BRDA:114,15,0,2
BRDA:114,15,1,2
BRF:22
BRH:8
end_of_record
TN:
SF:server/tools/index.ts
FN:73,registerDynamicTools
FN:83,clearDynamicTools
FN:94,getDynamicTools
FN:103,resolveTools
FN:133,getAvailableTools
FN:135,(anonymous_6)
FN:146,toOpenAITools
FN:147,(anonymous_8)
FN:161,toAnthropicTools
FN:162,(anonymous_10)
FN:173,toGoogleTools
FN:176,(anonymous_12)
FN:198,executeTool
FNF:13
FNH:6
FNDA:0,registerDynamicTools
FNDA:0,clearDynamicTools
FNDA:0,getDynamicTools
FNDA:5,resolveTools
FNDA:0,getAvailableTools
FNDA:0,(anonymous_6)
FNDA:1,toOpenAITools
FNDA:3,(anonymous_8)
FNDA:1,toAnthropicTools
FNDA:3,(anonymous_10)
FNDA:0,toGoogleTools
FNDA:0,(anonymous_12)
FNDA:1,executeTool
DA:4,2
DA:5,2
DA:6,2
DA:7,2
DA:8,2
DA:9,2
DA:10,2
DA:11,2
DA:12,2
DA:13,2
DA:14,2
DA:15,2
DA:16,2
DA:19,2
DA:20,2
DA:21,2
DA:22,2
DA:23,2
DA:26,2
DA:27,2
DA:28,2
DA:31,2
DA:33,2
DA:67,2
DA:74,0
DA:75,0
DA:84,0
DA:85,0
DA:86,0
DA:95,0
DA:104,5
DA:106,5
DA:107,2
DA:109,3
DA:112,3
DA:113,66
DA:117,3
DA:118,4
DA:122,3
DA:123,0
DA:126,3
DA:134,0
DA:135,0
DA:147,3
DA:162,3
DA:174,0
DA:178,0
DA:179,0
DA:180,0
DA:182,0
DA:199,1
DA:200,1
DA:201,1
DA:202,0
DA:204,1
DA:208,2
DA:209,2
DA:210,2
DA:211,2
DA:212,2
DA:213,2
DA:214,2
DA:215,2
DA:216,2
DA:217,2
LF:65
LH:50
BRDA:85,0,0,0
BRDA:106,1,0,2
BRDA:106,2,0,5
BRDA:106,2,1,3
BRDA:106,2,2,3
BRDA:113,3,0,6
BRDA:118,4,0,4
BRDA:179,5,0,0
BRDA:179,6,0,0
BRDA:179,6,1,0
BRDA:198,7,0,0
BRDA:201,8,0,0
BRF:12
BRH:6
end_of_record
TN:
SF:server/tools/listFiles.ts
FN:23,(anonymous_1)
FN:37,scan
FNF:2
FNH:2
FNDA:2,(anonymous_1)
FNDA:1,scan
DA:3,3
DA:4,3
DA:6,3
DA:12,3
DA:24,2
DA:25,2
DA:26,2
DA:27,2
DA:28,1
DA:30,1
DA:31,0
DA:34,1
DA:35,1
DA:38,1
DA:39,1
DA:40,1
DA:41,6
DA:42,6
DA:44,6
DA:45,6
DA:46,0
DA:47,0
DA:49,6
DA:50,6
DA:55,1
DA:56,1
DA:58,0
DA:63,3
LF:28
LH:24
BRDA:23,0,0,2
BRDA:24,1,0,0
BRDA:24,2,0,2
BRDA:27,3,0,1
BRDA:30,4,0,0
BRDA:37,5,0,1
BRDA:38,6,0,0
BRDA:41,7,0,0
BRDA:42,8,0,0
BRDA:42,9,0,6
BRDA:42,9,1,6
BRDA:42,9,2,6
BRDA:44,10,0,0
BRDA:44,10,1,6
BRDA:45,11,0,0
BRDA:45,11,1,6
BRDA:47,12,0,0
BRF:17
BRH:9
end_of_record
TN:
SF:server/tools/queryBigQuery.ts
FN:32,(anonymous_9)
FN:72,flatten
FNF:2
FNH:1
FNDA:13,(anonymous_9)
FNDA:0,flatten
DA:3,3
DA:6,3
DA:15,3
DA:33,13
DA:34,13
DA:36,13
DA:37,17
DA:38,10
DA:44,3
DA:49,3
DA:50,3
DA:54,0
DA:55,0
DA:63,0
DA:68,0
DA:73,0
DA:74,0
DA:75,0
DA:76,0
DA:77,0
DA:78,0
DA:80,0
DA:82,0
DA:83,0
DA:87,0
DA:88,0
DA:89,0
DA:91,0
DA:100,0
DA:109,3
LF:30
LH:12
BRDA:32,0,0,13
BRDA:37,1,0,10
BRDA:44,2,0,3
BRDA:44,2,1,3
BRDA:44,2,2,3
BRDA:44,2,3,3
BRDA:49,3,0,3
BRDA:57,4,0,0
BRDA:57,4,1,0
BRDA:57,4,2,0
BRDA:57,4,3,0
BRDA:65,5,0,0
BRDA:65,5,1,0
BRDA:73,6,0,0
BRDA:73,7,0,0
BRDA:73,7,1,0
BRDA:74,8,0,0
BRDA:75,9,0,0
BRDA:75,10,0,0
BRDA:75,10,1,0
BRDA:82,11,0,0
BRDA:89,12,0,0
BRDA:89,12,1,0
BRDA:96,13,0,0
BRDA:96,13,1,0
BRDA:103,14,0,0
BRDA:103,14,1,0
BRF:27
BRH:7
end_of_record
TN:
SF:server/tools/queryDatabricks.ts
FN:42,(anonymous_0)
FN:78,(anonymous_1)
FNF:2
FNH:1
FNDA:13,(anonymous_0)
FNDA:0,(anonymous_1)
DA:12,3
DA:21,3
DA:43,13
DA:44,13
DA:45,13
DA:47,13
DA:48,17
DA:49,10
DA:53,3
DA:54,3
DA:55,3
DA:57,3
DA:58,3
DA:61,0
DA:62,0
DA:64,0
DA:66,0
DA:71,0
DA:72,0
DA:77,0
DA:78,0
DA:79,0
DA:82,0
DA:83,0
DA:84,0
DA:86,0
DA:94,0
DA:95,0
DA:98,0
DA:107,3
LF:30
LH:14
BRDA:42,0,0,13
BRDA:44,1,0,13
BRDA:44,1,1,13
BRDA:48,2,0,10
BRDA:53,3,0,3
BRDA:53,3,1,3
BRDA:54,4,0,3
BRDA:54,4,1,3
BRDA:55,5,0,3
BRDA:55,5,1,3
BRDA:57,6,0,3
BRDA:57,7,0,3
BRDA:57,7,1,0
BRDA:67,8,0,0
BRDA:67,8,1,0
BRDA:67,8,2,0
BRDA:67,8,3,0
BRDA:68,9,0,0
BRDA:68,9,1,0
BRDA:68,9,2,0
BRDA:68,9,3,0
BRDA:78,10,0,0
BRDA:78,10,1,0
BRDA:84,11,0,0
BRDA:84,11,1,0
BRDA:101,12,0,0
BRDA:101,12,1,0
BRF:27
BRH:12
end_of_record
TN:
SF:server/tools/querySnowflake.ts
FN:19,createConnection
FN:33,executeQuery
FN:34,(anonymous_2)
FN:37,(anonymous_3)
FN:39,(anonymous_4)
FN:45,connectAsync
FN:46,(anonymous_6)
FN:47,(anonymous_7)
FN:83,(anonymous_8)
FN:126,(anonymous_9)
FNF:10
FNH:1
FNDA:0,createConnection
FNDA:0,executeQuery
FNDA:0,(anonymous_2)
FNDA:0,(anonymous_3)
FNDA:0,(anonymous_4)
FNDA:0,connectAsync
FNDA:0,(anonymous_6)
FNDA:0,(anonymous_7)
FNDA:13,(anonymous_8)
FNDA:0,(anonymous_9)
DA:14,3
DA:20,0
DA:21,0
DA:34,0
DA:35,0
DA:38,0
DA:39,0
DA:46,0
DA:47,0
DA:48,0
DA:49,0
DA:58,3
DA:84,13
DA:85,13
DA:86,13
DA:88,13
DA:89,17
DA:90,10
DA:94,3
DA:95,3
DA:96,3
DA:99,0
DA:108,0
DA:110,0
DA:111,0
DA:114,0
DA:115,0
DA:116,0
DA:118,0
DA:126,0
DA:129,0
DA:138,3
LF:32
LH:12
BRDA:19,0,0,0
BRDA:22,1,0,0
BRDA:22,1,1,0
BRDA:23,2,0,0
BRDA:23,2,1,0
BRDA:24,3,0,0
BRDA:24,3,1,0
BRDA:25,4,0,0
BRDA:25,4,1,0
BRDA:25,4,2,0
BRDA:26,5,0,0
BRDA:26,5,1,0
BRDA:26,5,2,0
BRDA:27,6,0,0
BRDA:27,6,1,0
BRDA:27,6,2,0
BRDA:28,7,0,0
BRDA:28,7,1,0
BRDA:28,7,2,0
BRDA:38,8,0,0
BRDA:48,9,0,0
BRDA:83,10,0,13
BRDA:85,11,0,13
BRDA:85,11,1,13
BRDA:89,12,0,10
BRDA:94,13,0,3
BRDA:94,13,1,3
BRDA:95,14,0,3
BRDA:101,15,0,0
BRDA:101,15,1,0
BRDA:102,16,0,0
BRDA:102,16,1,0
BRDA:103,17,0,0
BRDA:103,17,1,0
BRDA:103,17,2,0
BRDA:103,17,3,0
BRDA:104,18,0,0
BRDA:104,18,1,0
BRDA:104,18,2,0
BRDA:104,18,3,0
BRDA:105,19,0,0
BRDA:105,19,1,0
BRDA:105,19,2,0
BRDA:105,19,3,0
BRDA:106,20,0,0
BRDA:106,20,1,0
BRDA:106,20,2,0
BRDA:116,21,0,0
BRDA:116,21,1,0
BRDA:132,22,0,0
BRDA:132,22,1,0
BRF:51
BRH:7
end_of_record
TN:
SF:server/tools/readFile.ts
FN:24,(anonymous_1)
FNF:1
FNH:1
FNDA:3,(anonymous_1)
DA:3,3
DA:4,3
DA:6,3
DA:12,3
DA:25,3
DA:26,3
DA:27,3
DA:29,3
DA:30,1
DA:32,2
DA:33,1
DA:36,1
DA:37,1
DA:38,0
DA:41,1
DA:42,1
DA:44,1
DA:45,0
DA:46,0
DA:47,0
DA:48,0
DA:51,1
DA:53,0
DA:58,3
LF:24
LH:18
BRDA:24,0,0,3
BRDA:29,1,0,1
BRDA:32,2,0,1
BRDA:37,3,0,0
BRDA:44,4,0,0
BRDA:44,5,0,1
BRDA:44,5,1,1
BRDA:46,6,0,0
BRDA:46,6,1,0
BRDA:47,7,0,0
BRDA:47,7,1,0
BRF:11
BRH:5
end_of_record
TN:
SF:server/tools/renderChart.ts
FN:57,(anonymous_0)
FNF:1
FNH:0
FNDA:0,(anonymous_0)
DA:7,2
DA:58,0
DA:60,0
DA:61,0
DA:63,0
DA:64,0
DA:66,0
DA:67,0
DA:68,0
DA:73,0
DA:84,0
DA:86,0
DA:94,2
LF:13
LH:2
BRDA:57,0,0,0
BRDA:60,1,0,0
BRDA:60,2,0,0
BRDA:60,2,1,0
BRDA:63,3,0,0
BRDA:63,4,0,0
BRDA:63,4,1,0
BRDA:67,5,0,0
BRDA:67,6,0,0
BRDA:67,6,1,0
BRDA:68,7,0,0
BRDA:68,7,1,0
BRDA:78,8,0,0
BRDA:78,8,1,0
BRDA:79,9,0,0
BRDA:79,9,1,0
BRDA:80,10,0,0
BRDA:80,10,1,0
BRF:18
BRH:0
end_of_record
TN:
SF:server/tools/shellExec.ts
FN:51,extractBaseCommand
FN:73,(anonymous_2)
FNF:2
FNH:2
FNDA:24,extractBaseCommand
FNDA:26,(anonymous_2)
DA:3,3
DA:4,3
DA:5,3
DA:7,3
DA:12,3
DA:23,3
DA:40,3
DA:53,24
DA:54,24
DA:55,24
DA:62,3
DA:74,26
DA:75,26
DA:77,26
DA:78,1
DA:81,25
DA:82,0
DA:85,25
DA:86,25
DA:87,1
DA:91,24
DA:92,24
DA:93,0
DA:96,24
DA:97,7
DA:100,17
DA:101,5
DA:105,12
DA:106,88
DA:107,8
DA:114,4
DA:123,4
DA:131,4
DA:138,0
DA:149,3
LF:35
LH:32
BRDA:55,0,0,24
BRDA:55,0,1,0
BRDA:73,1,0,26
BRDA:74,2,0,25
BRDA:77,3,0,1
BRDA:81,4,0,0
BRDA:86,5,0,1
BRDA:92,6,0,0
BRDA:96,7,0,7
BRDA:100,8,0,5
BRDA:106,9,0,8
BRDA:117,10,0,4
BRDA:117,10,1,0
BRDA:118,11,0,4
BRDA:118,11,1,4
BRDA:119,12,0,4
BRDA:119,12,1,0
BRDA:120,13,0,4
BRDA:120,13,1,0
BRDA:141,14,0,0
BRDA:141,14,1,0
BRDA:142,15,0,0
BRDA:142,15,1,0
BRDA:143,16,0,0
BRDA:143,16,1,0
BRF:25
BRH:13
end_of_record
TN:
SF:server/tools/triggerSyntheaPipeline.ts
FN:53,(anonymous_1)
FNF:1
FNH:0
FNDA:0,(anonymous_1)
DA:2,2
DA:8,2
DA:54,0
DA:55,0
DA:57,0
DA:59,0
DA:71,0
DA:74,0
DA:75,0
DA:78,0
DA:79,0
DA:83,0
DA:84,0
DA:91,0
DA:92,0
DA:94,0
DA:101,0
DA:102,0
DA:103,0
DA:106,0
DA:108,0
DA:118,0
DA:123,2
LF:23
LH:3
BRDA:53,0,0,0
BRDA:54,1,0,0
BRDA:54,1,1,0
BRDA:57,2,0,0
BRDA:57,2,1,0
BRDA:62,3,0,0
BRDA:62,3,1,0
BRDA:64,4,0,0
BRDA:64,4,1,0
BRDA:65,5,0,0
BRDA:65,5,1,0
BRDA:66,6,0,0
BRDA:66,6,1,0
BRDA:68,7,0,0
BRDA:68,7,1,0
BRDA:74,8,0,0
BRDA:74,8,1,0
BRDA:83,9,0,0
BRDA:92,10,0,0
BRDA:101,11,0,0
BRDA:109,12,0,0
BRDA:109,12,1,0
BRDA:111,13,0,0
BRDA:111,13,1,0
BRDA:113,14,0,0
BRDA:113,14,1,0
BRF:26
BRH:0
end_of_record
TN:
SF:server/tools/urlReader.ts
FN:22,(anonymous_1)
FNF:1
FNH:1
FNDA:11,(anonymous_1)
DA:3,3
DA:9,3
DA:23,11
DA:24,11
DA:26,11
DA:27,11
DA:28,11
DA:29,11
DA:32,11
DA:33,1
DA:37,10
DA:38,2
DA:42,8
DA:43,8
DA:44,2
DA:48,6
DA:49,6
DA:50,2
DA:54,4
DA:55,4
DA:57,3
DA:58,0
DA:60,3
DA:61,3
DA:69,3
DA:70,0
DA:73,1
DA:76,3
DA:84,3
DA:85,0
DA:88,3
DA:89,3
DA:92,3
DA:94,3
DA:111,3
DA:112,3
DA:113,0
DA:116,3
DA:118,0
DA:123,3
LF:40
LH:35
BRDA:22,0,0,11
BRDA:37,1,0,2
BRDA:43,2,0,2
BRDA:49,3,0,2
BRDA:57,4,0,0
BRDA:57,5,0,3
BRDA:57,5,1,3
BRDA:57,5,2,3
BRDA:57,5,3,3
BRDA:57,5,4,3
BRDA:61,6,0,3
BRDA:61,6,1,3
BRDA:61,6,2,3
BRDA:61,6,3,0
BRDA:61,6,4,0
BRDA:61,6,5,3
BRDA:61,6,6,0
BRDA:61,6,7,3
BRDA:61,6,8,3
BRDA:61,6,9,0
BRDA:61,6,10,3
BRDA:69,7,0,0
BRDA:84,8,0,0
BRDA:88,9,0,3
BRDA:88,9,1,0
BRDA:92,10,0,3
BRDA:112,11,0,0
BRF:27
BRH:18
end_of_record
TN:
SF:server/tools/verifyWorkspace.ts
FN:29,(anonymous_1)
FN:224,(anonymous_2)
FN:225,(anonymous_3)
FN:226,(anonymous_4)
FN:227,(anonymous_5)
FNF:5
FNH:5
FNDA:1,(anonymous_1)
FNDA:20,(anonymous_2)
FNDA:20,(anonymous_3)
FNDA:20,(anonymous_4)
FNDA:20,(anonymous_5)
DA:10,2
DA:11,2
DA:12,2
DA:18,2
DA:30,1
DA:31,1
DA:33,1
DA:36,1
DA:37,1
DA:38,0
DA:39,0
DA:40,0
DA:44,1
DA:45,1
DA:46,1
DA:49,1
DA:51,22
DA:53,20
DA:54,20
DA:56,20
DA:57,20
DA:60,1
DA:61,1
DA:62,1
DA:63,1
DA:65,0
DA:66,0
DA:68,1
DA:72,1
DA:73,1
DA:74,1
DA:75,1
DA:77,0
DA:78,0
DA:80,1
DA:87,4
DA:88,4
DA:89,4
DA:90,4
DA:92,0
DA:93,0
DA:95,4
DA:99,1
DA:100,0
DA:101,0
DA:103,1
DA:104,1
DA:106,1
DA:111,2
DA:112,2
DA:113,2
DA:114,2
DA:115,2
DA:117,0
DA:118,0
DA:120,2
DA:124,1
DA:125,1
DA:126,1
DA:127,1
DA:129,0
DA:130,0
DA:134,0
DA:135,0
DA:136,0
DA:138,0
DA:139,0
DA:142,0
DA:143,0
DA:146,1
DA:150,1
DA:151,0
DA:152,0
DA:154,1
DA:155,1
DA:157,1
DA:161,1
DA:162,0
DA:163,0
DA:165,1
DA:166,1
DA:168,1
DA:172,1
DA:173,0
DA:174,0
DA:178,0
DA:179,0
DA:181,0
DA:185,1
DA:186,1
DA:187,1
DA:191,6
DA:192,6
DA:193,6
DA:196,1
DA:197,1
DA:200,20
DA:201,20
DA:205,1
DA:206,1
DA:207,1
DA:208,1
DA:209,1
DA:210,1
DA:211,1
DA:212,1
DA:214,0
DA:215,0
DA:218,0
DA:219,0
DA:221,1
DA:224,20
DA:225,20
DA:226,20
DA:227,20
DA:229,1
DA:250,2
LF:117
LH:82
BRDA:29,0,0,0
BRDA:37,1,0,0
BRDA:40,2,0,0
BRDA:40,3,0,0
BRDA:40,3,1,0
BRDA:51,4,0,2
BRDA:57,5,0,1
BRDA:57,5,1,1
BRDA:57,5,2,1
BRDA:57,5,3,2
BRDA:57,5,4,3
BRDA:57,5,5,4
BRDA:57,5,6,1
BRDA:57,5,7,1
BRDA:57,5,8,2
BRDA:57,5,9,1
BRDA:57,5,10,1
BRDA:57,5,11,1
BRDA:57,5,12,1
BRDA:57,5,13,1
BRDA:57,5,14,6
BRDA:61,6,0,1
BRDA:61,6,1,0
BRDA:61,7,0,1
BRDA:61,7,1,1
BRDA:73,8,0,1
BRDA:73,8,1,0
BRDA:73,9,0,1
BRDA:73,9,1,1
BRDA:88,10,0,4
BRDA:88,10,1,0
BRDA:99,11,0,0
BRDA:99,11,1,1
BRDA:124,12,0,1
BRDA:124,12,1,1
BRDA:125,13,0,1
BRDA:125,13,1,0
BRDA:134,14,0,0
BRDA:134,14,1,0
BRDA:150,15,0,0
BRDA:150,15,1,1
BRDA:161,16,0,0
BRDA:161,16,1,1
BRDA:172,17,0,0
BRDA:172,17,1,0
BRDA:172,18,0,1
BRDA:172,18,1,1
BRDA:174,19,0,0
BRDA:174,19,1,0
BRDA:210,20,0,1
BRDA:210,20,1,0
BRDA:225,21,0,20
BRDA:225,21,1,19
BRF:53
BRH:34
end_of_record
TN:
SF:server/tools/webSearch.ts
FN:24,(anonymous_10)
FN:48,googleCustomSearch
FN:66,(anonymous_12)
FN:84,vertexGroundingSearch
FN:134,(anonymous_14)
FN:136,(anonymous_15)
FN:159,duckduckgoSearch
FN:196,cleanSummary
FNF:8
FNH:2
FNDA:1,(anonymous_10)
FNDA:0,googleCustomSearch
FNDA:0,(anonymous_12)
FNDA:0,vertexGroundingSearch
FNDA:0,(anonymous_14)
FNDA:0,(anonymous_15)
FNDA:1,duckduckgoSearch
FNDA:0,cleanSummary
DA:4,3
DA:5,3
DA:11,3
DA:25,1
DA:26,1
DA:29,1
DA:30,0
DA:31,0
DA:32,0
DA:36,1
DA:37,0
DA:41,1
DA:49,0
DA:50,0
DA:56,0
DA:57,0
DA:59,0
DA:60,0
DA:61,0
DA:62,0
DA:65,0
DA:66,0
DA:72,0
DA:76,0
DA:85,0
DA:86,0
DA:88,0
DA:89,0
DA:95,0
DA:106,0
DA:109,0
DA:110,0
DA:112,0
DA:113,0
DA:114,0
DA:115,0
DA:125,0
DA:126,0
DA:133,0
DA:134,0
DA:135,0
DA:136,0
DA:137,0
DA:138,0
DA:147,0
DA:151,0
DA:152,0
DA:160,1
DA:161,1
DA:162,1
DA:163,1
DA:165,1
DA:166,1
DA:167,0
DA:173,1
DA:174,1
DA:175,0
DA:176,0
DA:185,1
DA:189,0
DA:197,0
DA:213,3
LF:62
LH:18
BRDA:24,0,0,1
BRDA:26,1,0,1
BRDA:26,1,1,1
BRDA:29,2,0,0
BRDA:29,3,0,1
BRDA:29,3,1,0
BRDA:31,4,0,0
BRDA:36,5,0,0
BRDA:59,6,0,0
BRDA:66,7,0,0
BRDA:66,7,1,0
BRDA:67,8,0,0
BRDA:67,8,1,0
BRDA:68,9,0,0
BRDA:68,9,1,0
BRDA:69,10,0,0
BRDA:69,10,1,0
BRDA:72,11,0,0
BRDA:72,11,1,0
BRDA:84,12,0,0
BRDA:88,13,0,0
BRDA:88,13,1,0
BRDA:92,14,0,0
BRDA:92,14,1,0
BRDA:106,15,0,0
BRDA:106,15,1,0
BRDA:112,16,0,0
BRDA:114,17,0,0
BRDA:116,18,0,0
BRDA:116,18,1,0
BRDA:117,19,0,0
BRDA:117,19,1,0
BRDA:125,20,0,0
BRDA:125,21,0,0
BRDA:125,21,1,0
BRDA:133,22,0,0
BRDA:137,23,0,0
BRDA:140,24,0,0
BRDA:140,24,1,0
BRDA:141,25,0,0
BRDA:141,25,1,0
BRDA:147,26,0,0
BRDA:147,26,1,0
BRDA:166,27,0,0
BRDA:168,28,0,0
BRDA:168,28,1,0
BRDA:170,29,0,0
BRDA:170,29,1,0
BRDA:173,30,0,1
BRDA:175,31,0,0
BRDA:179,32,0,0
BRDA:179,32,1,0
BRDA:185,33,0,0
BRDA:185,33,1,1
BRF:54
BRH:6
end_of_record
TN:
SF:server/tools/writeFile.ts
FN:23,(anonymous_1)
FNF:1
FNH:1
FNDA:9,(anonymous_1)
DA:3,3
DA:4,3
DA:6,3
DA:12,3
DA:24,9
DA:25,9
DA:26,9
DA:27,9
DA:28,1
DA:31,8
DA:32,8
DA:33,1
DA:36,8
DA:37,8
DA:39,8
DA:46,0
DA:51,3
LF:17
LH:16
BRDA:23,0,0,9
BRDA:27,1,0,1
BRDA:32,2,0,1
BRDA:41,3,0,1
BRDA:41,3,1,7
BRF:5
BRH:5
end_of_record
TN:
SF:server/utils/fetchManifest.js
FN:14,fetchManifest
FN:70,parseEnvJson
FNF:2
FNH:2
FNDA:1,fetchManifest
FNDA:4,parseEnvJson
DA:1,2
DA:2,2
DA:5,2
DA:6,2
DA:7,2
DA:15,1
DA:16,1
DA:17,0
DA:20,1
DA:21,1
DA:22,1
DA:24,1
DA:25,1
DA:27,1
DA:34,1
DA:35,1
DA:36,1
DA:47,1
DA:48,0
DA:49,0
DA:52,1
DA:55,1
DA:61,1
DA:63,1
DA:65,0
DA:66,0
DA:71,4
DA:72,4
DA:73,0
DA:74,0
DA:76,0
DA:80,2
LF:32
LH:24
BRDA:16,0,0,0
BRDA:16,0,1,1
BRDA:16,1,0,1
BRDA:16,1,1,0
BRDA:20,2,0,1
BRDA:20,2,1,1
BRDA:22,3,0,1
BRDA:22,3,1,0
BRDA:47,4,0,0
BRDA:47,4,1,1
BRDA:56,5,0,0
BRDA:56,5,1,1
BRDA:57,6,0,0
BRDA:57,6,1,1
BRDA:58,7,0,0
BRDA:58,7,1,1
BRDA:59,8,0,0
BRDA:59,8,1,1
BRDA:72,9,0,4
BRDA:72,9,1,0
BRF:20
BRH:11
end_of_record
